2025-12-27 16:22:00,303 | ERROR | app.services.user_service | user_service.py:47 | 创建用户失败，已回滚事务
Traceback (most recent call last):
  File "E:\Dpan\Anaconda3\envs\backend\lib\asyncio\selector_events.py", line 862, in _read_ready__data_received
    data = self._sock.recv(self.max_size)
ConnectionResetError: [WinError 10054] 远程主机强迫关闭了一个现有的连接。

The above exception was the direct cause of the following exception:

Traceback (most recent call last):
  File "E:\Code\Python\AIChat\app\services\user_service.py", line 13, in create_user
    result = await db.execute(
  File "E:\Dpan\Anaconda3\envs\backend\lib\site-packages\sqlalchemy\ext\asyncio\session.py", line 463, in execute
    result = await greenlet_spawn(
  File "E:\Dpan\Anaconda3\envs\backend\lib\site-packages\sqlalchemy\util\_concurrency_py3k.py", line 201, in greenlet_spawn
    result = context.throw(*sys.exc_info())
  File "E:\Dpan\Anaconda3\envs\backend\lib\site-packages\sqlalchemy\orm\session.py", line 2365, in execute
    return self._execute_internal(
  File "E:\Dpan\Anaconda3\envs\backend\lib\site-packages\sqlalchemy\orm\session.py", line 2241, in _execute_internal
    conn = self._connection_for_bind(bind)
  File "E:\Dpan\Anaconda3\envs\backend\lib\site-packages\sqlalchemy\orm\session.py", line 2110, in _connection_for_bind
    return trans._connection_for_bind(engine, execution_options)
  File "<string>", line 2, in _connection_for_bind
  File "E:\Dpan\Anaconda3\envs\backend\lib\site-packages\sqlalchemy\orm\state_changes.py", line 137, in _go
    ret_value = fn(self, *arg, **kw)
  File "E:\Dpan\Anaconda3\envs\backend\lib\site-packages\sqlalchemy\orm\session.py", line 1189, in _connection_for_bind
    conn = bind.connect()
  File "E:\Dpan\Anaconda3\envs\backend\lib\site-packages\sqlalchemy\engine\base.py", line 3277, in connect
    return self._connection_cls(self)
  File "E:\Dpan\Anaconda3\envs\backend\lib\site-packages\sqlalchemy\engine\base.py", line 143, in __init__
    self._dbapi_connection = engine.raw_connection()
  File "E:\Dpan\Anaconda3\envs\backend\lib\site-packages\sqlalchemy\engine\base.py", line 3301, in raw_connection
    return self.pool.connect()
  File "E:\Dpan\Anaconda3\envs\backend\lib\site-packages\sqlalchemy\pool\base.py", line 447, in connect
    return _ConnectionFairy._checkout(self)
  File "E:\Dpan\Anaconda3\envs\backend\lib\site-packages\sqlalchemy\pool\base.py", line 1264, in _checkout
    fairy = _ConnectionRecord.checkout(pool)
  File "E:\Dpan\Anaconda3\envs\backend\lib\site-packages\sqlalchemy\pool\base.py", line 711, in checkout
    rec = pool._do_get()
  File "E:\Dpan\Anaconda3\envs\backend\lib\site-packages\sqlalchemy\pool\impl.py", line 177, in _do_get
    with util.safe_reraise():
  File "E:\Dpan\Anaconda3\envs\backend\lib\site-packages\sqlalchemy\util\langhelpers.py", line 224, in __exit__
    raise exc_value.with_traceback(exc_tb)
  File "E:\Dpan\Anaconda3\envs\backend\lib\site-packages\sqlalchemy\pool\impl.py", line 175, in _do_get
    return self._create_connection()
  File "E:\Dpan\Anaconda3\envs\backend\lib\site-packages\sqlalchemy\pool\base.py", line 388, in _create_connection
    return _ConnectionRecord(self)
  File "E:\Dpan\Anaconda3\envs\backend\lib\site-packages\sqlalchemy\pool\base.py", line 673, in __init__
    self.__connect()
  File "E:\Dpan\Anaconda3\envs\backend\lib\site-packages\sqlalchemy\pool\base.py", line 899, in __connect
    with util.safe_reraise():
  File "E:\Dpan\Anaconda3\envs\backend\lib\site-packages\sqlalchemy\util\langhelpers.py", line 224, in __exit__
    raise exc_value.with_traceback(exc_tb)
  File "E:\Dpan\Anaconda3\envs\backend\lib\site-packages\sqlalchemy\pool\base.py", line 895, in __connect
    self.dbapi_connection = connection = pool._invoke_creator(self)
  File "E:\Dpan\Anaconda3\envs\backend\lib\site-packages\sqlalchemy\engine\create.py", line 661, in connect
    return dialect.connect(*cargs, **cparams)
  File "E:\Dpan\Anaconda3\envs\backend\lib\site-packages\sqlalchemy\engine\default.py", line 629, in connect
    return self.loaded_dbapi.connect(*cargs, **cparams)  # type: ignore[no-any-return]  # NOQA: E501
  File "E:\Dpan\Anaconda3\envs\backend\lib\site-packages\sqlalchemy\dialects\postgresql\asyncpg.py", line 964, in connect
    await_only(creator_fn(*arg, **kw)),
  File "E:\Dpan\Anaconda3\envs\backend\lib\site-packages\sqlalchemy\util\_concurrency_py3k.py", line 132, in await_only
    return current.parent.switch(awaitable)  # type: ignore[no-any-return,attr-defined] # noqa: E501
  File "E:\Dpan\Anaconda3\envs\backend\lib\site-packages\sqlalchemy\util\_concurrency_py3k.py", line 196, in greenlet_spawn
    value = await result
  File "E:\Dpan\Anaconda3\envs\backend\lib\site-packages\asyncpg\connection.py", line 2443, in connect
    return await connect_utils._connect(
  File "E:\Dpan\Anaconda3\envs\backend\lib\site-packages\asyncpg\connect_utils.py", line 1218, in _connect
    conn = await _connect_addr(
  File "E:\Dpan\Anaconda3\envs\backend\lib\site-packages\asyncpg\connect_utils.py", line 1054, in _connect_addr
    return await __connect_addr(params, True, *args)
  File "E:\Dpan\Anaconda3\envs\backend\lib\site-packages\asyncpg\connect_utils.py", line 1102, in __connect_addr
    await connected
asyncpg.exceptions.ConnectionDoesNotExistError: connection was closed in the middle of operation
2025-12-27 16:25:30,844 | ERROR | app.services.user_service | user_service.py:47 | 创建用户失败，已回滚事务
Traceback (most recent call last):
  File "E:\Dpan\Anaconda3\envs\backend\lib\asyncio\windows_events.py", line 494, in finish_recv
    return ov.getresult()
OSError: [WinError 64] 指定的网络名不再可用。

During handling of the above exception, another exception occurred:

Traceback (most recent call last):
  File "E:\Dpan\Anaconda3\envs\backend\lib\asyncio\proactor_events.py", line 286, in _loop_reading
    length = fut.result()
  File "E:\Dpan\Anaconda3\envs\backend\lib\asyncio\windows_events.py", line 826, in _poll
    value = callback(transferred, key, ov)
  File "E:\Dpan\Anaconda3\envs\backend\lib\asyncio\windows_events.py", line 498, in finish_recv
    raise ConnectionResetError(*exc.args)
ConnectionResetError: [WinError 64] 指定的网络名不再可用。

The above exception was the direct cause of the following exception:

Traceback (most recent call last):
  File "E:\Code\Python\AIChat\app\services\user_service.py", line 13, in create_user
    result = await db.execute(
  File "E:\Dpan\Anaconda3\envs\backend\lib\site-packages\sqlalchemy\ext\asyncio\session.py", line 463, in execute
    result = await greenlet_spawn(
  File "E:\Dpan\Anaconda3\envs\backend\lib\site-packages\sqlalchemy\util\_concurrency_py3k.py", line 201, in greenlet_spawn
    result = context.throw(*sys.exc_info())
  File "E:\Dpan\Anaconda3\envs\backend\lib\site-packages\sqlalchemy\orm\session.py", line 2365, in execute
    return self._execute_internal(
  File "E:\Dpan\Anaconda3\envs\backend\lib\site-packages\sqlalchemy\orm\session.py", line 2241, in _execute_internal
    conn = self._connection_for_bind(bind)
  File "E:\Dpan\Anaconda3\envs\backend\lib\site-packages\sqlalchemy\orm\session.py", line 2110, in _connection_for_bind
    return trans._connection_for_bind(engine, execution_options)
  File "<string>", line 2, in _connection_for_bind
  File "E:\Dpan\Anaconda3\envs\backend\lib\site-packages\sqlalchemy\orm\state_changes.py", line 137, in _go
    ret_value = fn(self, *arg, **kw)
  File "E:\Dpan\Anaconda3\envs\backend\lib\site-packages\sqlalchemy\orm\session.py", line 1189, in _connection_for_bind
    conn = bind.connect()
  File "E:\Dpan\Anaconda3\envs\backend\lib\site-packages\sqlalchemy\engine\base.py", line 3277, in connect
    return self._connection_cls(self)
  File "E:\Dpan\Anaconda3\envs\backend\lib\site-packages\sqlalchemy\engine\base.py", line 143, in __init__
    self._dbapi_connection = engine.raw_connection()
  File "E:\Dpan\Anaconda3\envs\backend\lib\site-packages\sqlalchemy\engine\base.py", line 3301, in raw_connection
    return self.pool.connect()
  File "E:\Dpan\Anaconda3\envs\backend\lib\site-packages\sqlalchemy\pool\base.py", line 447, in connect
    return _ConnectionFairy._checkout(self)
  File "E:\Dpan\Anaconda3\envs\backend\lib\site-packages\sqlalchemy\pool\base.py", line 1264, in _checkout
    fairy = _ConnectionRecord.checkout(pool)
  File "E:\Dpan\Anaconda3\envs\backend\lib\site-packages\sqlalchemy\pool\base.py", line 711, in checkout
    rec = pool._do_get()
  File "E:\Dpan\Anaconda3\envs\backend\lib\site-packages\sqlalchemy\pool\impl.py", line 177, in _do_get
    with util.safe_reraise():
  File "E:\Dpan\Anaconda3\envs\backend\lib\site-packages\sqlalchemy\util\langhelpers.py", line 224, in __exit__
    raise exc_value.with_traceback(exc_tb)
  File "E:\Dpan\Anaconda3\envs\backend\lib\site-packages\sqlalchemy\pool\impl.py", line 175, in _do_get
    return self._create_connection()
  File "E:\Dpan\Anaconda3\envs\backend\lib\site-packages\sqlalchemy\pool\base.py", line 388, in _create_connection
    return _ConnectionRecord(self)
  File "E:\Dpan\Anaconda3\envs\backend\lib\site-packages\sqlalchemy\pool\base.py", line 673, in __init__
    self.__connect()
  File "E:\Dpan\Anaconda3\envs\backend\lib\site-packages\sqlalchemy\pool\base.py", line 899, in __connect
    with util.safe_reraise():
  File "E:\Dpan\Anaconda3\envs\backend\lib\site-packages\sqlalchemy\util\langhelpers.py", line 224, in __exit__
    raise exc_value.with_traceback(exc_tb)
  File "E:\Dpan\Anaconda3\envs\backend\lib\site-packages\sqlalchemy\pool\base.py", line 895, in __connect
    self.dbapi_connection = connection = pool._invoke_creator(self)
  File "E:\Dpan\Anaconda3\envs\backend\lib\site-packages\sqlalchemy\engine\create.py", line 661, in connect
    return dialect.connect(*cargs, **cparams)
  File "E:\Dpan\Anaconda3\envs\backend\lib\site-packages\sqlalchemy\engine\default.py", line 629, in connect
    return self.loaded_dbapi.connect(*cargs, **cparams)  # type: ignore[no-any-return]  # NOQA: E501
  File "E:\Dpan\Anaconda3\envs\backend\lib\site-packages\sqlalchemy\dialects\postgresql\asyncpg.py", line 964, in connect
    await_only(creator_fn(*arg, **kw)),
  File "E:\Dpan\Anaconda3\envs\backend\lib\site-packages\sqlalchemy\util\_concurrency_py3k.py", line 132, in await_only
    return current.parent.switch(awaitable)  # type: ignore[no-any-return,attr-defined] # noqa: E501
  File "E:\Dpan\Anaconda3\envs\backend\lib\site-packages\sqlalchemy\util\_concurrency_py3k.py", line 196, in greenlet_spawn
    value = await result
  File "E:\Dpan\Anaconda3\envs\backend\lib\site-packages\asyncpg\connection.py", line 2443, in connect
    return await connect_utils._connect(
  File "E:\Dpan\Anaconda3\envs\backend\lib\site-packages\asyncpg\connect_utils.py", line 1218, in _connect
    conn = await _connect_addr(
  File "E:\Dpan\Anaconda3\envs\backend\lib\site-packages\asyncpg\connect_utils.py", line 1054, in _connect_addr
    return await __connect_addr(params, True, *args)
  File "E:\Dpan\Anaconda3\envs\backend\lib\site-packages\asyncpg\connect_utils.py", line 1102, in __connect_addr
    await connected
asyncpg.exceptions.ConnectionDoesNotExistError: connection was closed in the middle of operation
2025-12-27 16:28:11,806 | ERROR | app.services.user_service | user_service.py:47 | 创建用户失败，已回滚事务
Traceback (most recent call last):
  File "E:\Dpan\Anaconda3\envs\backend\lib\asyncio\windows_events.py", line 494, in finish_recv
    return ov.getresult()
OSError: [WinError 64] 指定的网络名不再可用。

During handling of the above exception, another exception occurred:

Traceback (most recent call last):
  File "E:\Dpan\Anaconda3\envs\backend\lib\asyncio\proactor_events.py", line 286, in _loop_reading
    length = fut.result()
  File "E:\Dpan\Anaconda3\envs\backend\lib\asyncio\windows_events.py", line 826, in _poll
    value = callback(transferred, key, ov)
  File "E:\Dpan\Anaconda3\envs\backend\lib\asyncio\windows_events.py", line 498, in finish_recv
    raise ConnectionResetError(*exc.args)
ConnectionResetError: [WinError 64] 指定的网络名不再可用。

The above exception was the direct cause of the following exception:

Traceback (most recent call last):
  File "E:\Code\Python\AIChat\app\services\user_service.py", line 13, in create_user
    result = await db.execute(
  File "E:\Dpan\Anaconda3\envs\backend\lib\site-packages\sqlalchemy\ext\asyncio\session.py", line 463, in execute
    result = await greenlet_spawn(
  File "E:\Dpan\Anaconda3\envs\backend\lib\site-packages\sqlalchemy\util\_concurrency_py3k.py", line 201, in greenlet_spawn
    result = context.throw(*sys.exc_info())
  File "E:\Dpan\Anaconda3\envs\backend\lib\site-packages\sqlalchemy\orm\session.py", line 2365, in execute
    return self._execute_internal(
  File "E:\Dpan\Anaconda3\envs\backend\lib\site-packages\sqlalchemy\orm\session.py", line 2241, in _execute_internal
    conn = self._connection_for_bind(bind)
  File "E:\Dpan\Anaconda3\envs\backend\lib\site-packages\sqlalchemy\orm\session.py", line 2110, in _connection_for_bind
    return trans._connection_for_bind(engine, execution_options)
  File "<string>", line 2, in _connection_for_bind
  File "E:\Dpan\Anaconda3\envs\backend\lib\site-packages\sqlalchemy\orm\state_changes.py", line 137, in _go
    ret_value = fn(self, *arg, **kw)
  File "E:\Dpan\Anaconda3\envs\backend\lib\site-packages\sqlalchemy\orm\session.py", line 1189, in _connection_for_bind
    conn = bind.connect()
  File "E:\Dpan\Anaconda3\envs\backend\lib\site-packages\sqlalchemy\engine\base.py", line 3277, in connect
    return self._connection_cls(self)
  File "E:\Dpan\Anaconda3\envs\backend\lib\site-packages\sqlalchemy\engine\base.py", line 143, in __init__
    self._dbapi_connection = engine.raw_connection()
  File "E:\Dpan\Anaconda3\envs\backend\lib\site-packages\sqlalchemy\engine\base.py", line 3301, in raw_connection
    return self.pool.connect()
  File "E:\Dpan\Anaconda3\envs\backend\lib\site-packages\sqlalchemy\pool\base.py", line 447, in connect
    return _ConnectionFairy._checkout(self)
  File "E:\Dpan\Anaconda3\envs\backend\lib\site-packages\sqlalchemy\pool\base.py", line 1264, in _checkout
    fairy = _ConnectionRecord.checkout(pool)
  File "E:\Dpan\Anaconda3\envs\backend\lib\site-packages\sqlalchemy\pool\base.py", line 711, in checkout
    rec = pool._do_get()
  File "E:\Dpan\Anaconda3\envs\backend\lib\site-packages\sqlalchemy\pool\impl.py", line 177, in _do_get
    with util.safe_reraise():
  File "E:\Dpan\Anaconda3\envs\backend\lib\site-packages\sqlalchemy\util\langhelpers.py", line 224, in __exit__
    raise exc_value.with_traceback(exc_tb)
  File "E:\Dpan\Anaconda3\envs\backend\lib\site-packages\sqlalchemy\pool\impl.py", line 175, in _do_get
    return self._create_connection()
  File "E:\Dpan\Anaconda3\envs\backend\lib\site-packages\sqlalchemy\pool\base.py", line 388, in _create_connection
    return _ConnectionRecord(self)
  File "E:\Dpan\Anaconda3\envs\backend\lib\site-packages\sqlalchemy\pool\base.py", line 673, in __init__
    self.__connect()
  File "E:\Dpan\Anaconda3\envs\backend\lib\site-packages\sqlalchemy\pool\base.py", line 899, in __connect
    with util.safe_reraise():
  File "E:\Dpan\Anaconda3\envs\backend\lib\site-packages\sqlalchemy\util\langhelpers.py", line 224, in __exit__
    raise exc_value.with_traceback(exc_tb)
  File "E:\Dpan\Anaconda3\envs\backend\lib\site-packages\sqlalchemy\pool\base.py", line 895, in __connect
    self.dbapi_connection = connection = pool._invoke_creator(self)
  File "E:\Dpan\Anaconda3\envs\backend\lib\site-packages\sqlalchemy\engine\create.py", line 661, in connect
    return dialect.connect(*cargs, **cparams)
  File "E:\Dpan\Anaconda3\envs\backend\lib\site-packages\sqlalchemy\engine\default.py", line 629, in connect
    return self.loaded_dbapi.connect(*cargs, **cparams)  # type: ignore[no-any-return]  # NOQA: E501
  File "E:\Dpan\Anaconda3\envs\backend\lib\site-packages\sqlalchemy\dialects\postgresql\asyncpg.py", line 964, in connect
    await_only(creator_fn(*arg, **kw)),
  File "E:\Dpan\Anaconda3\envs\backend\lib\site-packages\sqlalchemy\util\_concurrency_py3k.py", line 132, in await_only
    return current.parent.switch(awaitable)  # type: ignore[no-any-return,attr-defined] # noqa: E501
  File "E:\Dpan\Anaconda3\envs\backend\lib\site-packages\sqlalchemy\util\_concurrency_py3k.py", line 196, in greenlet_spawn
    value = await result
  File "E:\Dpan\Anaconda3\envs\backend\lib\site-packages\asyncpg\connection.py", line 2443, in connect
    return await connect_utils._connect(
  File "E:\Dpan\Anaconda3\envs\backend\lib\site-packages\asyncpg\connect_utils.py", line 1218, in _connect
    conn = await _connect_addr(
  File "E:\Dpan\Anaconda3\envs\backend\lib\site-packages\asyncpg\connect_utils.py", line 1054, in _connect_addr
    return await __connect_addr(params, True, *args)
  File "E:\Dpan\Anaconda3\envs\backend\lib\site-packages\asyncpg\connect_utils.py", line 1102, in __connect_addr
    await connected
asyncpg.exceptions.ConnectionDoesNotExistError: connection was closed in the middle of operation
2025-12-27 16:31:10,953 | ERROR | app.services.user_service | user_service.py:47 | 创建用户失败，已回滚事务
Traceback (most recent call last):
  File "E:\Dpan\Anaconda3\envs\backend\lib\asyncio\windows_events.py", line 494, in finish_recv
    return ov.getresult()
OSError: [WinError 64] 指定的网络名不再可用。

During handling of the above exception, another exception occurred:

Traceback (most recent call last):
  File "E:\Dpan\Anaconda3\envs\backend\lib\asyncio\proactor_events.py", line 286, in _loop_reading
    length = fut.result()
  File "E:\Dpan\Anaconda3\envs\backend\lib\asyncio\windows_events.py", line 826, in _poll
    value = callback(transferred, key, ov)
  File "E:\Dpan\Anaconda3\envs\backend\lib\asyncio\windows_events.py", line 498, in finish_recv
    raise ConnectionResetError(*exc.args)
ConnectionResetError: [WinError 64] 指定的网络名不再可用。

The above exception was the direct cause of the following exception:

Traceback (most recent call last):
  File "E:\Code\Python\AIChat\app\services\user_service.py", line 13, in create_user
    result = await db.execute(
  File "E:\Dpan\Anaconda3\envs\backend\lib\site-packages\sqlalchemy\ext\asyncio\session.py", line 463, in execute
    result = await greenlet_spawn(
  File "E:\Dpan\Anaconda3\envs\backend\lib\site-packages\sqlalchemy\util\_concurrency_py3k.py", line 201, in greenlet_spawn
    result = context.throw(*sys.exc_info())
  File "E:\Dpan\Anaconda3\envs\backend\lib\site-packages\sqlalchemy\orm\session.py", line 2365, in execute
    return self._execute_internal(
  File "E:\Dpan\Anaconda3\envs\backend\lib\site-packages\sqlalchemy\orm\session.py", line 2241, in _execute_internal
    conn = self._connection_for_bind(bind)
  File "E:\Dpan\Anaconda3\envs\backend\lib\site-packages\sqlalchemy\orm\session.py", line 2110, in _connection_for_bind
    return trans._connection_for_bind(engine, execution_options)
  File "<string>", line 2, in _connection_for_bind
  File "E:\Dpan\Anaconda3\envs\backend\lib\site-packages\sqlalchemy\orm\state_changes.py", line 137, in _go
    ret_value = fn(self, *arg, **kw)
  File "E:\Dpan\Anaconda3\envs\backend\lib\site-packages\sqlalchemy\orm\session.py", line 1189, in _connection_for_bind
    conn = bind.connect()
  File "E:\Dpan\Anaconda3\envs\backend\lib\site-packages\sqlalchemy\engine\base.py", line 3277, in connect
    return self._connection_cls(self)
  File "E:\Dpan\Anaconda3\envs\backend\lib\site-packages\sqlalchemy\engine\base.py", line 143, in __init__
    self._dbapi_connection = engine.raw_connection()
  File "E:\Dpan\Anaconda3\envs\backend\lib\site-packages\sqlalchemy\engine\base.py", line 3301, in raw_connection
    return self.pool.connect()
  File "E:\Dpan\Anaconda3\envs\backend\lib\site-packages\sqlalchemy\pool\base.py", line 447, in connect
    return _ConnectionFairy._checkout(self)
  File "E:\Dpan\Anaconda3\envs\backend\lib\site-packages\sqlalchemy\pool\base.py", line 1264, in _checkout
    fairy = _ConnectionRecord.checkout(pool)
  File "E:\Dpan\Anaconda3\envs\backend\lib\site-packages\sqlalchemy\pool\base.py", line 711, in checkout
    rec = pool._do_get()
  File "E:\Dpan\Anaconda3\envs\backend\lib\site-packages\sqlalchemy\pool\impl.py", line 177, in _do_get
    with util.safe_reraise():
  File "E:\Dpan\Anaconda3\envs\backend\lib\site-packages\sqlalchemy\util\langhelpers.py", line 224, in __exit__
    raise exc_value.with_traceback(exc_tb)
  File "E:\Dpan\Anaconda3\envs\backend\lib\site-packages\sqlalchemy\pool\impl.py", line 175, in _do_get
    return self._create_connection()
  File "E:\Dpan\Anaconda3\envs\backend\lib\site-packages\sqlalchemy\pool\base.py", line 388, in _create_connection
    return _ConnectionRecord(self)
  File "E:\Dpan\Anaconda3\envs\backend\lib\site-packages\sqlalchemy\pool\base.py", line 673, in __init__
    self.__connect()
  File "E:\Dpan\Anaconda3\envs\backend\lib\site-packages\sqlalchemy\pool\base.py", line 899, in __connect
    with util.safe_reraise():
  File "E:\Dpan\Anaconda3\envs\backend\lib\site-packages\sqlalchemy\util\langhelpers.py", line 224, in __exit__
    raise exc_value.with_traceback(exc_tb)
  File "E:\Dpan\Anaconda3\envs\backend\lib\site-packages\sqlalchemy\pool\base.py", line 895, in __connect
    self.dbapi_connection = connection = pool._invoke_creator(self)
  File "E:\Dpan\Anaconda3\envs\backend\lib\site-packages\sqlalchemy\engine\create.py", line 661, in connect
    return dialect.connect(*cargs, **cparams)
  File "E:\Dpan\Anaconda3\envs\backend\lib\site-packages\sqlalchemy\engine\default.py", line 629, in connect
    return self.loaded_dbapi.connect(*cargs, **cparams)  # type: ignore[no-any-return]  # NOQA: E501
  File "E:\Dpan\Anaconda3\envs\backend\lib\site-packages\sqlalchemy\dialects\postgresql\asyncpg.py", line 964, in connect
    await_only(creator_fn(*arg, **kw)),
  File "E:\Dpan\Anaconda3\envs\backend\lib\site-packages\sqlalchemy\util\_concurrency_py3k.py", line 132, in await_only
    return current.parent.switch(awaitable)  # type: ignore[no-any-return,attr-defined] # noqa: E501
  File "E:\Dpan\Anaconda3\envs\backend\lib\site-packages\sqlalchemy\util\_concurrency_py3k.py", line 196, in greenlet_spawn
    value = await result
  File "E:\Dpan\Anaconda3\envs\backend\lib\site-packages\asyncpg\connection.py", line 2443, in connect
    return await connect_utils._connect(
  File "E:\Dpan\Anaconda3\envs\backend\lib\site-packages\asyncpg\connect_utils.py", line 1218, in _connect
    conn = await _connect_addr(
  File "E:\Dpan\Anaconda3\envs\backend\lib\site-packages\asyncpg\connect_utils.py", line 1054, in _connect_addr
    return await __connect_addr(params, True, *args)
  File "E:\Dpan\Anaconda3\envs\backend\lib\site-packages\asyncpg\connect_utils.py", line 1102, in __connect_addr
    await connected
asyncpg.exceptions.ConnectionDoesNotExistError: connection was closed in the middle of operation
2025-12-27 16:53:25,250 | ERROR | app.services.user_service | user_service.py:47 | 创建用户失败，已回滚事务
Traceback (most recent call last):
  File "E:\Dpan\Anaconda3\envs\backend\lib\asyncio\windows_events.py", line 494, in finish_recv
    return ov.getresult()
OSError: [WinError 64] 指定的网络名不再可用。

During handling of the above exception, another exception occurred:

Traceback (most recent call last):
  File "E:\Dpan\Anaconda3\envs\backend\lib\asyncio\proactor_events.py", line 286, in _loop_reading
    length = fut.result()
  File "E:\Dpan\Anaconda3\envs\backend\lib\asyncio\windows_events.py", line 826, in _poll
    value = callback(transferred, key, ov)
  File "E:\Dpan\Anaconda3\envs\backend\lib\asyncio\windows_events.py", line 498, in finish_recv
    raise ConnectionResetError(*exc.args)
ConnectionResetError: [WinError 64] 指定的网络名不再可用。

The above exception was the direct cause of the following exception:

Traceback (most recent call last):
  File "E:\Code\Python\AIChat\app\services\user_service.py", line 13, in create_user
    result = await db.execute(
  File "E:\Dpan\Anaconda3\envs\backend\lib\site-packages\sqlalchemy\ext\asyncio\session.py", line 463, in execute
    result = await greenlet_spawn(
  File "E:\Dpan\Anaconda3\envs\backend\lib\site-packages\sqlalchemy\util\_concurrency_py3k.py", line 201, in greenlet_spawn
    result = context.throw(*sys.exc_info())
  File "E:\Dpan\Anaconda3\envs\backend\lib\site-packages\sqlalchemy\orm\session.py", line 2365, in execute
    return self._execute_internal(
  File "E:\Dpan\Anaconda3\envs\backend\lib\site-packages\sqlalchemy\orm\session.py", line 2241, in _execute_internal
    conn = self._connection_for_bind(bind)
  File "E:\Dpan\Anaconda3\envs\backend\lib\site-packages\sqlalchemy\orm\session.py", line 2110, in _connection_for_bind
    return trans._connection_for_bind(engine, execution_options)
  File "<string>", line 2, in _connection_for_bind
  File "E:\Dpan\Anaconda3\envs\backend\lib\site-packages\sqlalchemy\orm\state_changes.py", line 137, in _go
    ret_value = fn(self, *arg, **kw)
  File "E:\Dpan\Anaconda3\envs\backend\lib\site-packages\sqlalchemy\orm\session.py", line 1189, in _connection_for_bind
    conn = bind.connect()
  File "E:\Dpan\Anaconda3\envs\backend\lib\site-packages\sqlalchemy\engine\base.py", line 3277, in connect
    return self._connection_cls(self)
  File "E:\Dpan\Anaconda3\envs\backend\lib\site-packages\sqlalchemy\engine\base.py", line 143, in __init__
    self._dbapi_connection = engine.raw_connection()
  File "E:\Dpan\Anaconda3\envs\backend\lib\site-packages\sqlalchemy\engine\base.py", line 3301, in raw_connection
    return self.pool.connect()
  File "E:\Dpan\Anaconda3\envs\backend\lib\site-packages\sqlalchemy\pool\base.py", line 447, in connect
    return _ConnectionFairy._checkout(self)
  File "E:\Dpan\Anaconda3\envs\backend\lib\site-packages\sqlalchemy\pool\base.py", line 1264, in _checkout
    fairy = _ConnectionRecord.checkout(pool)
  File "E:\Dpan\Anaconda3\envs\backend\lib\site-packages\sqlalchemy\pool\base.py", line 711, in checkout
    rec = pool._do_get()
  File "E:\Dpan\Anaconda3\envs\backend\lib\site-packages\sqlalchemy\pool\impl.py", line 177, in _do_get
    with util.safe_reraise():
  File "E:\Dpan\Anaconda3\envs\backend\lib\site-packages\sqlalchemy\util\langhelpers.py", line 224, in __exit__
    raise exc_value.with_traceback(exc_tb)
  File "E:\Dpan\Anaconda3\envs\backend\lib\site-packages\sqlalchemy\pool\impl.py", line 175, in _do_get
    return self._create_connection()
  File "E:\Dpan\Anaconda3\envs\backend\lib\site-packages\sqlalchemy\pool\base.py", line 388, in _create_connection
    return _ConnectionRecord(self)
  File "E:\Dpan\Anaconda3\envs\backend\lib\site-packages\sqlalchemy\pool\base.py", line 673, in __init__
    self.__connect()
  File "E:\Dpan\Anaconda3\envs\backend\lib\site-packages\sqlalchemy\pool\base.py", line 899, in __connect
    with util.safe_reraise():
  File "E:\Dpan\Anaconda3\envs\backend\lib\site-packages\sqlalchemy\util\langhelpers.py", line 224, in __exit__
    raise exc_value.with_traceback(exc_tb)
  File "E:\Dpan\Anaconda3\envs\backend\lib\site-packages\sqlalchemy\pool\base.py", line 895, in __connect
    self.dbapi_connection = connection = pool._invoke_creator(self)
  File "E:\Dpan\Anaconda3\envs\backend\lib\site-packages\sqlalchemy\engine\create.py", line 661, in connect
    return dialect.connect(*cargs, **cparams)
  File "E:\Dpan\Anaconda3\envs\backend\lib\site-packages\sqlalchemy\engine\default.py", line 629, in connect
    return self.loaded_dbapi.connect(*cargs, **cparams)  # type: ignore[no-any-return]  # NOQA: E501
  File "E:\Dpan\Anaconda3\envs\backend\lib\site-packages\sqlalchemy\dialects\postgresql\asyncpg.py", line 964, in connect
    await_only(creator_fn(*arg, **kw)),
  File "E:\Dpan\Anaconda3\envs\backend\lib\site-packages\sqlalchemy\util\_concurrency_py3k.py", line 132, in await_only
    return current.parent.switch(awaitable)  # type: ignore[no-any-return,attr-defined] # noqa: E501
  File "E:\Dpan\Anaconda3\envs\backend\lib\site-packages\sqlalchemy\util\_concurrency_py3k.py", line 196, in greenlet_spawn
    value = await result
  File "E:\Dpan\Anaconda3\envs\backend\lib\site-packages\asyncpg\connection.py", line 2443, in connect
    return await connect_utils._connect(
  File "E:\Dpan\Anaconda3\envs\backend\lib\site-packages\asyncpg\connect_utils.py", line 1218, in _connect
    conn = await _connect_addr(
  File "E:\Dpan\Anaconda3\envs\backend\lib\site-packages\asyncpg\connect_utils.py", line 1054, in _connect_addr
    return await __connect_addr(params, True, *args)
  File "E:\Dpan\Anaconda3\envs\backend\lib\site-packages\asyncpg\connect_utils.py", line 1102, in __connect_addr
    await connected
asyncpg.exceptions.ConnectionDoesNotExistError: connection was closed in the middle of operation
2025-12-27 16:53:47,533 | ERROR | app.services.user_service | user_service.py:47 | 创建用户失败，已回滚事务
Traceback (most recent call last):
  File "E:\Dpan\Anaconda3\envs\backend\lib\asyncio\windows_events.py", line 494, in finish_recv
    return ov.getresult()
OSError: [WinError 64] 指定的网络名不再可用。

During handling of the above exception, another exception occurred:

Traceback (most recent call last):
  File "E:\Dpan\Anaconda3\envs\backend\lib\asyncio\proactor_events.py", line 286, in _loop_reading
    length = fut.result()
  File "E:\Dpan\Anaconda3\envs\backend\lib\asyncio\windows_events.py", line 826, in _poll
    value = callback(transferred, key, ov)
  File "E:\Dpan\Anaconda3\envs\backend\lib\asyncio\windows_events.py", line 498, in finish_recv
    raise ConnectionResetError(*exc.args)
ConnectionResetError: [WinError 64] 指定的网络名不再可用。

The above exception was the direct cause of the following exception:

Traceback (most recent call last):
  File "E:\Code\Python\AIChat\app\services\user_service.py", line 13, in create_user
    result = await db.execute(
  File "E:\Dpan\Anaconda3\envs\backend\lib\site-packages\sqlalchemy\ext\asyncio\session.py", line 463, in execute
    result = await greenlet_spawn(
  File "E:\Dpan\Anaconda3\envs\backend\lib\site-packages\sqlalchemy\util\_concurrency_py3k.py", line 201, in greenlet_spawn
    result = context.throw(*sys.exc_info())
  File "E:\Dpan\Anaconda3\envs\backend\lib\site-packages\sqlalchemy\orm\session.py", line 2365, in execute
    return self._execute_internal(
  File "E:\Dpan\Anaconda3\envs\backend\lib\site-packages\sqlalchemy\orm\session.py", line 2241, in _execute_internal
    conn = self._connection_for_bind(bind)
  File "E:\Dpan\Anaconda3\envs\backend\lib\site-packages\sqlalchemy\orm\session.py", line 2110, in _connection_for_bind
    return trans._connection_for_bind(engine, execution_options)
  File "<string>", line 2, in _connection_for_bind
  File "E:\Dpan\Anaconda3\envs\backend\lib\site-packages\sqlalchemy\orm\state_changes.py", line 137, in _go
    ret_value = fn(self, *arg, **kw)
  File "E:\Dpan\Anaconda3\envs\backend\lib\site-packages\sqlalchemy\orm\session.py", line 1189, in _connection_for_bind
    conn = bind.connect()
  File "E:\Dpan\Anaconda3\envs\backend\lib\site-packages\sqlalchemy\engine\base.py", line 3277, in connect
    return self._connection_cls(self)
  File "E:\Dpan\Anaconda3\envs\backend\lib\site-packages\sqlalchemy\engine\base.py", line 143, in __init__
    self._dbapi_connection = engine.raw_connection()
  File "E:\Dpan\Anaconda3\envs\backend\lib\site-packages\sqlalchemy\engine\base.py", line 3301, in raw_connection
    return self.pool.connect()
  File "E:\Dpan\Anaconda3\envs\backend\lib\site-packages\sqlalchemy\pool\base.py", line 447, in connect
    return _ConnectionFairy._checkout(self)
  File "E:\Dpan\Anaconda3\envs\backend\lib\site-packages\sqlalchemy\pool\base.py", line 1264, in _checkout
    fairy = _ConnectionRecord.checkout(pool)
  File "E:\Dpan\Anaconda3\envs\backend\lib\site-packages\sqlalchemy\pool\base.py", line 711, in checkout
    rec = pool._do_get()
  File "E:\Dpan\Anaconda3\envs\backend\lib\site-packages\sqlalchemy\pool\impl.py", line 177, in _do_get
    with util.safe_reraise():
  File "E:\Dpan\Anaconda3\envs\backend\lib\site-packages\sqlalchemy\util\langhelpers.py", line 224, in __exit__
    raise exc_value.with_traceback(exc_tb)
  File "E:\Dpan\Anaconda3\envs\backend\lib\site-packages\sqlalchemy\pool\impl.py", line 175, in _do_get
    return self._create_connection()
  File "E:\Dpan\Anaconda3\envs\backend\lib\site-packages\sqlalchemy\pool\base.py", line 388, in _create_connection
    return _ConnectionRecord(self)
  File "E:\Dpan\Anaconda3\envs\backend\lib\site-packages\sqlalchemy\pool\base.py", line 673, in __init__
    self.__connect()
  File "E:\Dpan\Anaconda3\envs\backend\lib\site-packages\sqlalchemy\pool\base.py", line 899, in __connect
    with util.safe_reraise():
  File "E:\Dpan\Anaconda3\envs\backend\lib\site-packages\sqlalchemy\util\langhelpers.py", line 224, in __exit__
    raise exc_value.with_traceback(exc_tb)
  File "E:\Dpan\Anaconda3\envs\backend\lib\site-packages\sqlalchemy\pool\base.py", line 895, in __connect
    self.dbapi_connection = connection = pool._invoke_creator(self)
  File "E:\Dpan\Anaconda3\envs\backend\lib\site-packages\sqlalchemy\engine\create.py", line 661, in connect
    return dialect.connect(*cargs, **cparams)
  File "E:\Dpan\Anaconda3\envs\backend\lib\site-packages\sqlalchemy\engine\default.py", line 629, in connect
    return self.loaded_dbapi.connect(*cargs, **cparams)  # type: ignore[no-any-return]  # NOQA: E501
  File "E:\Dpan\Anaconda3\envs\backend\lib\site-packages\sqlalchemy\dialects\postgresql\asyncpg.py", line 964, in connect
    await_only(creator_fn(*arg, **kw)),
  File "E:\Dpan\Anaconda3\envs\backend\lib\site-packages\sqlalchemy\util\_concurrency_py3k.py", line 132, in await_only
    return current.parent.switch(awaitable)  # type: ignore[no-any-return,attr-defined] # noqa: E501
  File "E:\Dpan\Anaconda3\envs\backend\lib\site-packages\sqlalchemy\util\_concurrency_py3k.py", line 196, in greenlet_spawn
    value = await result
  File "E:\Dpan\Anaconda3\envs\backend\lib\site-packages\asyncpg\connection.py", line 2443, in connect
    return await connect_utils._connect(
  File "E:\Dpan\Anaconda3\envs\backend\lib\site-packages\asyncpg\connect_utils.py", line 1218, in _connect
    conn = await _connect_addr(
  File "E:\Dpan\Anaconda3\envs\backend\lib\site-packages\asyncpg\connect_utils.py", line 1054, in _connect_addr
    return await __connect_addr(params, True, *args)
  File "E:\Dpan\Anaconda3\envs\backend\lib\site-packages\asyncpg\connect_utils.py", line 1102, in __connect_addr
    await connected
asyncpg.exceptions.ConnectionDoesNotExistError: connection was closed in the middle of operation
2025-12-27 16:55:25,606 | ERROR | app.services.user_service | user_service.py:47 | 创建用户失败，已回滚事务
Traceback (most recent call last):
  File "E:\Dpan\Anaconda3\envs\backend\lib\asyncio\windows_events.py", line 494, in finish_recv
    return ov.getresult()
OSError: [WinError 64] 指定的网络名不再可用。

During handling of the above exception, another exception occurred:

Traceback (most recent call last):
  File "E:\Dpan\Anaconda3\envs\backend\lib\asyncio\proactor_events.py", line 286, in _loop_reading
    length = fut.result()
  File "E:\Dpan\Anaconda3\envs\backend\lib\asyncio\windows_events.py", line 826, in _poll
    value = callback(transferred, key, ov)
  File "E:\Dpan\Anaconda3\envs\backend\lib\asyncio\windows_events.py", line 498, in finish_recv
    raise ConnectionResetError(*exc.args)
ConnectionResetError: [WinError 64] 指定的网络名不再可用。

The above exception was the direct cause of the following exception:

Traceback (most recent call last):
  File "E:\Code\Python\AIChat\app\services\user_service.py", line 13, in create_user
    result = await db.execute(
  File "E:\Dpan\Anaconda3\envs\backend\lib\site-packages\sqlalchemy\ext\asyncio\session.py", line 463, in execute
    result = await greenlet_spawn(
  File "E:\Dpan\Anaconda3\envs\backend\lib\site-packages\sqlalchemy\util\_concurrency_py3k.py", line 201, in greenlet_spawn
    result = context.throw(*sys.exc_info())
  File "E:\Dpan\Anaconda3\envs\backend\lib\site-packages\sqlalchemy\orm\session.py", line 2365, in execute
    return self._execute_internal(
  File "E:\Dpan\Anaconda3\envs\backend\lib\site-packages\sqlalchemy\orm\session.py", line 2241, in _execute_internal
    conn = self._connection_for_bind(bind)
  File "E:\Dpan\Anaconda3\envs\backend\lib\site-packages\sqlalchemy\orm\session.py", line 2110, in _connection_for_bind
    return trans._connection_for_bind(engine, execution_options)
  File "<string>", line 2, in _connection_for_bind
  File "E:\Dpan\Anaconda3\envs\backend\lib\site-packages\sqlalchemy\orm\state_changes.py", line 137, in _go
    ret_value = fn(self, *arg, **kw)
  File "E:\Dpan\Anaconda3\envs\backend\lib\site-packages\sqlalchemy\orm\session.py", line 1189, in _connection_for_bind
    conn = bind.connect()
  File "E:\Dpan\Anaconda3\envs\backend\lib\site-packages\sqlalchemy\engine\base.py", line 3277, in connect
    return self._connection_cls(self)
  File "E:\Dpan\Anaconda3\envs\backend\lib\site-packages\sqlalchemy\engine\base.py", line 143, in __init__
    self._dbapi_connection = engine.raw_connection()
  File "E:\Dpan\Anaconda3\envs\backend\lib\site-packages\sqlalchemy\engine\base.py", line 3301, in raw_connection
    return self.pool.connect()
  File "E:\Dpan\Anaconda3\envs\backend\lib\site-packages\sqlalchemy\pool\base.py", line 447, in connect
    return _ConnectionFairy._checkout(self)
  File "E:\Dpan\Anaconda3\envs\backend\lib\site-packages\sqlalchemy\pool\base.py", line 1264, in _checkout
    fairy = _ConnectionRecord.checkout(pool)
  File "E:\Dpan\Anaconda3\envs\backend\lib\site-packages\sqlalchemy\pool\base.py", line 711, in checkout
    rec = pool._do_get()
  File "E:\Dpan\Anaconda3\envs\backend\lib\site-packages\sqlalchemy\pool\impl.py", line 177, in _do_get
    with util.safe_reraise():
  File "E:\Dpan\Anaconda3\envs\backend\lib\site-packages\sqlalchemy\util\langhelpers.py", line 224, in __exit__
    raise exc_value.with_traceback(exc_tb)
  File "E:\Dpan\Anaconda3\envs\backend\lib\site-packages\sqlalchemy\pool\impl.py", line 175, in _do_get
    return self._create_connection()
  File "E:\Dpan\Anaconda3\envs\backend\lib\site-packages\sqlalchemy\pool\base.py", line 388, in _create_connection
    return _ConnectionRecord(self)
  File "E:\Dpan\Anaconda3\envs\backend\lib\site-packages\sqlalchemy\pool\base.py", line 673, in __init__
    self.__connect()
  File "E:\Dpan\Anaconda3\envs\backend\lib\site-packages\sqlalchemy\pool\base.py", line 899, in __connect
    with util.safe_reraise():
  File "E:\Dpan\Anaconda3\envs\backend\lib\site-packages\sqlalchemy\util\langhelpers.py", line 224, in __exit__
    raise exc_value.with_traceback(exc_tb)
  File "E:\Dpan\Anaconda3\envs\backend\lib\site-packages\sqlalchemy\pool\base.py", line 895, in __connect
    self.dbapi_connection = connection = pool._invoke_creator(self)
  File "E:\Dpan\Anaconda3\envs\backend\lib\site-packages\sqlalchemy\engine\create.py", line 661, in connect
    return dialect.connect(*cargs, **cparams)
  File "E:\Dpan\Anaconda3\envs\backend\lib\site-packages\sqlalchemy\engine\default.py", line 629, in connect
    return self.loaded_dbapi.connect(*cargs, **cparams)  # type: ignore[no-any-return]  # NOQA: E501
  File "E:\Dpan\Anaconda3\envs\backend\lib\site-packages\sqlalchemy\dialects\postgresql\asyncpg.py", line 964, in connect
    await_only(creator_fn(*arg, **kw)),
  File "E:\Dpan\Anaconda3\envs\backend\lib\site-packages\sqlalchemy\util\_concurrency_py3k.py", line 132, in await_only
    return current.parent.switch(awaitable)  # type: ignore[no-any-return,attr-defined] # noqa: E501
  File "E:\Dpan\Anaconda3\envs\backend\lib\site-packages\sqlalchemy\util\_concurrency_py3k.py", line 196, in greenlet_spawn
    value = await result
  File "E:\Dpan\Anaconda3\envs\backend\lib\site-packages\asyncpg\connection.py", line 2443, in connect
    return await connect_utils._connect(
  File "E:\Dpan\Anaconda3\envs\backend\lib\site-packages\asyncpg\connect_utils.py", line 1218, in _connect
    conn = await _connect_addr(
  File "E:\Dpan\Anaconda3\envs\backend\lib\site-packages\asyncpg\connect_utils.py", line 1054, in _connect_addr
    return await __connect_addr(params, True, *args)
  File "E:\Dpan\Anaconda3\envs\backend\lib\site-packages\asyncpg\connect_utils.py", line 1102, in __connect_addr
    await connected
asyncpg.exceptions.ConnectionDoesNotExistError: connection was closed in the middle of operation
2025-12-27 16:58:48,364 | ERROR | app.services.user_service | user_service.py:47 | 创建用户失败，已回滚事务
Traceback (most recent call last):
  File "E:\Dpan\Anaconda3\envs\backend\lib\asyncio\windows_events.py", line 494, in finish_recv
    return ov.getresult()
OSError: [WinError 64] 指定的网络名不再可用。

During handling of the above exception, another exception occurred:

Traceback (most recent call last):
  File "E:\Dpan\Anaconda3\envs\backend\lib\asyncio\proactor_events.py", line 286, in _loop_reading
    length = fut.result()
  File "E:\Dpan\Anaconda3\envs\backend\lib\asyncio\windows_events.py", line 826, in _poll
    value = callback(transferred, key, ov)
  File "E:\Dpan\Anaconda3\envs\backend\lib\asyncio\windows_events.py", line 498, in finish_recv
    raise ConnectionResetError(*exc.args)
ConnectionResetError: [WinError 64] 指定的网络名不再可用。

The above exception was the direct cause of the following exception:

Traceback (most recent call last):
  File "E:\Code\Python\AIChat\app\services\user_service.py", line 13, in create_user
    result = await db.execute(
  File "E:\Dpan\Anaconda3\envs\backend\lib\site-packages\sqlalchemy\ext\asyncio\session.py", line 463, in execute
    result = await greenlet_spawn(
  File "E:\Dpan\Anaconda3\envs\backend\lib\site-packages\sqlalchemy\util\_concurrency_py3k.py", line 201, in greenlet_spawn
    result = context.throw(*sys.exc_info())
  File "E:\Dpan\Anaconda3\envs\backend\lib\site-packages\sqlalchemy\orm\session.py", line 2365, in execute
    return self._execute_internal(
  File "E:\Dpan\Anaconda3\envs\backend\lib\site-packages\sqlalchemy\orm\session.py", line 2241, in _execute_internal
    conn = self._connection_for_bind(bind)
  File "E:\Dpan\Anaconda3\envs\backend\lib\site-packages\sqlalchemy\orm\session.py", line 2110, in _connection_for_bind
    return trans._connection_for_bind(engine, execution_options)
  File "<string>", line 2, in _connection_for_bind
  File "E:\Dpan\Anaconda3\envs\backend\lib\site-packages\sqlalchemy\orm\state_changes.py", line 137, in _go
    ret_value = fn(self, *arg, **kw)
  File "E:\Dpan\Anaconda3\envs\backend\lib\site-packages\sqlalchemy\orm\session.py", line 1189, in _connection_for_bind
    conn = bind.connect()
  File "E:\Dpan\Anaconda3\envs\backend\lib\site-packages\sqlalchemy\engine\base.py", line 3277, in connect
    return self._connection_cls(self)
  File "E:\Dpan\Anaconda3\envs\backend\lib\site-packages\sqlalchemy\engine\base.py", line 143, in __init__
    self._dbapi_connection = engine.raw_connection()
  File "E:\Dpan\Anaconda3\envs\backend\lib\site-packages\sqlalchemy\engine\base.py", line 3301, in raw_connection
    return self.pool.connect()
  File "E:\Dpan\Anaconda3\envs\backend\lib\site-packages\sqlalchemy\pool\base.py", line 447, in connect
    return _ConnectionFairy._checkout(self)
  File "E:\Dpan\Anaconda3\envs\backend\lib\site-packages\sqlalchemy\pool\base.py", line 1264, in _checkout
    fairy = _ConnectionRecord.checkout(pool)
  File "E:\Dpan\Anaconda3\envs\backend\lib\site-packages\sqlalchemy\pool\base.py", line 711, in checkout
    rec = pool._do_get()
  File "E:\Dpan\Anaconda3\envs\backend\lib\site-packages\sqlalchemy\pool\impl.py", line 177, in _do_get
    with util.safe_reraise():
  File "E:\Dpan\Anaconda3\envs\backend\lib\site-packages\sqlalchemy\util\langhelpers.py", line 224, in __exit__
    raise exc_value.with_traceback(exc_tb)
  File "E:\Dpan\Anaconda3\envs\backend\lib\site-packages\sqlalchemy\pool\impl.py", line 175, in _do_get
    return self._create_connection()
  File "E:\Dpan\Anaconda3\envs\backend\lib\site-packages\sqlalchemy\pool\base.py", line 388, in _create_connection
    return _ConnectionRecord(self)
  File "E:\Dpan\Anaconda3\envs\backend\lib\site-packages\sqlalchemy\pool\base.py", line 673, in __init__
    self.__connect()
  File "E:\Dpan\Anaconda3\envs\backend\lib\site-packages\sqlalchemy\pool\base.py", line 899, in __connect
    with util.safe_reraise():
  File "E:\Dpan\Anaconda3\envs\backend\lib\site-packages\sqlalchemy\util\langhelpers.py", line 224, in __exit__
    raise exc_value.with_traceback(exc_tb)
  File "E:\Dpan\Anaconda3\envs\backend\lib\site-packages\sqlalchemy\pool\base.py", line 895, in __connect
    self.dbapi_connection = connection = pool._invoke_creator(self)
  File "E:\Dpan\Anaconda3\envs\backend\lib\site-packages\sqlalchemy\engine\create.py", line 661, in connect
    return dialect.connect(*cargs, **cparams)
  File "E:\Dpan\Anaconda3\envs\backend\lib\site-packages\sqlalchemy\engine\default.py", line 629, in connect
    return self.loaded_dbapi.connect(*cargs, **cparams)  # type: ignore[no-any-return]  # NOQA: E501
  File "E:\Dpan\Anaconda3\envs\backend\lib\site-packages\sqlalchemy\dialects\postgresql\asyncpg.py", line 964, in connect
    await_only(creator_fn(*arg, **kw)),
  File "E:\Dpan\Anaconda3\envs\backend\lib\site-packages\sqlalchemy\util\_concurrency_py3k.py", line 132, in await_only
    return current.parent.switch(awaitable)  # type: ignore[no-any-return,attr-defined] # noqa: E501
  File "E:\Dpan\Anaconda3\envs\backend\lib\site-packages\sqlalchemy\util\_concurrency_py3k.py", line 196, in greenlet_spawn
    value = await result
  File "E:\Dpan\Anaconda3\envs\backend\lib\site-packages\asyncpg\connection.py", line 2443, in connect
    return await connect_utils._connect(
  File "E:\Dpan\Anaconda3\envs\backend\lib\site-packages\asyncpg\connect_utils.py", line 1218, in _connect
    conn = await _connect_addr(
  File "E:\Dpan\Anaconda3\envs\backend\lib\site-packages\asyncpg\connect_utils.py", line 1054, in _connect_addr
    return await __connect_addr(params, True, *args)
  File "E:\Dpan\Anaconda3\envs\backend\lib\site-packages\asyncpg\connect_utils.py", line 1102, in __connect_addr
    await connected
asyncpg.exceptions.ConnectionDoesNotExistError: connection was closed in the middle of operation
2025-12-27 17:00:21,056 | ERROR | app.services.user_service | user_service.py:47 | 创建用户失败，已回滚事务
Traceback (most recent call last):
  File "E:\Dpan\Anaconda3\envs\backend\lib\asyncio\windows_events.py", line 494, in finish_recv
    return ov.getresult()
OSError: [WinError 64] 指定的网络名不再可用。

During handling of the above exception, another exception occurred:

Traceback (most recent call last):
  File "E:\Dpan\Anaconda3\envs\backend\lib\asyncio\proactor_events.py", line 286, in _loop_reading
    length = fut.result()
  File "E:\Dpan\Anaconda3\envs\backend\lib\asyncio\windows_events.py", line 826, in _poll
    value = callback(transferred, key, ov)
  File "E:\Dpan\Anaconda3\envs\backend\lib\asyncio\windows_events.py", line 498, in finish_recv
    raise ConnectionResetError(*exc.args)
ConnectionResetError: [WinError 64] 指定的网络名不再可用。

The above exception was the direct cause of the following exception:

Traceback (most recent call last):
  File "E:\Code\Python\AIChat\app\services\user_service.py", line 13, in create_user
    result = await db.execute(
  File "E:\Dpan\Anaconda3\envs\backend\lib\site-packages\sqlalchemy\ext\asyncio\session.py", line 463, in execute
    result = await greenlet_spawn(
  File "E:\Dpan\Anaconda3\envs\backend\lib\site-packages\sqlalchemy\util\_concurrency_py3k.py", line 201, in greenlet_spawn
    result = context.throw(*sys.exc_info())
  File "E:\Dpan\Anaconda3\envs\backend\lib\site-packages\sqlalchemy\orm\session.py", line 2365, in execute
    return self._execute_internal(
  File "E:\Dpan\Anaconda3\envs\backend\lib\site-packages\sqlalchemy\orm\session.py", line 2241, in _execute_internal
    conn = self._connection_for_bind(bind)
  File "E:\Dpan\Anaconda3\envs\backend\lib\site-packages\sqlalchemy\orm\session.py", line 2110, in _connection_for_bind
    return trans._connection_for_bind(engine, execution_options)
  File "<string>", line 2, in _connection_for_bind
  File "E:\Dpan\Anaconda3\envs\backend\lib\site-packages\sqlalchemy\orm\state_changes.py", line 137, in _go
    ret_value = fn(self, *arg, **kw)
  File "E:\Dpan\Anaconda3\envs\backend\lib\site-packages\sqlalchemy\orm\session.py", line 1189, in _connection_for_bind
    conn = bind.connect()
  File "E:\Dpan\Anaconda3\envs\backend\lib\site-packages\sqlalchemy\engine\base.py", line 3277, in connect
    return self._connection_cls(self)
  File "E:\Dpan\Anaconda3\envs\backend\lib\site-packages\sqlalchemy\engine\base.py", line 143, in __init__
    self._dbapi_connection = engine.raw_connection()
  File "E:\Dpan\Anaconda3\envs\backend\lib\site-packages\sqlalchemy\engine\base.py", line 3301, in raw_connection
    return self.pool.connect()
  File "E:\Dpan\Anaconda3\envs\backend\lib\site-packages\sqlalchemy\pool\base.py", line 447, in connect
    return _ConnectionFairy._checkout(self)
  File "E:\Dpan\Anaconda3\envs\backend\lib\site-packages\sqlalchemy\pool\base.py", line 1264, in _checkout
    fairy = _ConnectionRecord.checkout(pool)
  File "E:\Dpan\Anaconda3\envs\backend\lib\site-packages\sqlalchemy\pool\base.py", line 711, in checkout
    rec = pool._do_get()
  File "E:\Dpan\Anaconda3\envs\backend\lib\site-packages\sqlalchemy\pool\impl.py", line 177, in _do_get
    with util.safe_reraise():
  File "E:\Dpan\Anaconda3\envs\backend\lib\site-packages\sqlalchemy\util\langhelpers.py", line 224, in __exit__
    raise exc_value.with_traceback(exc_tb)
  File "E:\Dpan\Anaconda3\envs\backend\lib\site-packages\sqlalchemy\pool\impl.py", line 175, in _do_get
    return self._create_connection()
  File "E:\Dpan\Anaconda3\envs\backend\lib\site-packages\sqlalchemy\pool\base.py", line 388, in _create_connection
    return _ConnectionRecord(self)
  File "E:\Dpan\Anaconda3\envs\backend\lib\site-packages\sqlalchemy\pool\base.py", line 673, in __init__
    self.__connect()
  File "E:\Dpan\Anaconda3\envs\backend\lib\site-packages\sqlalchemy\pool\base.py", line 899, in __connect
    with util.safe_reraise():
  File "E:\Dpan\Anaconda3\envs\backend\lib\site-packages\sqlalchemy\util\langhelpers.py", line 224, in __exit__
    raise exc_value.with_traceback(exc_tb)
  File "E:\Dpan\Anaconda3\envs\backend\lib\site-packages\sqlalchemy\pool\base.py", line 895, in __connect
    self.dbapi_connection = connection = pool._invoke_creator(self)
  File "E:\Dpan\Anaconda3\envs\backend\lib\site-packages\sqlalchemy\engine\create.py", line 661, in connect
    return dialect.connect(*cargs, **cparams)
  File "E:\Dpan\Anaconda3\envs\backend\lib\site-packages\sqlalchemy\engine\default.py", line 629, in connect
    return self.loaded_dbapi.connect(*cargs, **cparams)  # type: ignore[no-any-return]  # NOQA: E501
  File "E:\Dpan\Anaconda3\envs\backend\lib\site-packages\sqlalchemy\dialects\postgresql\asyncpg.py", line 964, in connect
    await_only(creator_fn(*arg, **kw)),
  File "E:\Dpan\Anaconda3\envs\backend\lib\site-packages\sqlalchemy\util\_concurrency_py3k.py", line 132, in await_only
    return current.parent.switch(awaitable)  # type: ignore[no-any-return,attr-defined] # noqa: E501
  File "E:\Dpan\Anaconda3\envs\backend\lib\site-packages\sqlalchemy\util\_concurrency_py3k.py", line 196, in greenlet_spawn
    value = await result
  File "E:\Dpan\Anaconda3\envs\backend\lib\site-packages\asyncpg\connection.py", line 2443, in connect
    return await connect_utils._connect(
  File "E:\Dpan\Anaconda3\envs\backend\lib\site-packages\asyncpg\connect_utils.py", line 1218, in _connect
    conn = await _connect_addr(
  File "E:\Dpan\Anaconda3\envs\backend\lib\site-packages\asyncpg\connect_utils.py", line 1054, in _connect_addr
    return await __connect_addr(params, True, *args)
  File "E:\Dpan\Anaconda3\envs\backend\lib\site-packages\asyncpg\connect_utils.py", line 1102, in __connect_addr
    await connected
asyncpg.exceptions.ConnectionDoesNotExistError: connection was closed in the middle of operation
2025-12-27 17:02:34,494 | ERROR | app.services.user_service | user_service.py:47 | 创建用户失败，已回滚事务
Traceback (most recent call last):
  File "E:\Dpan\Anaconda3\envs\backend\lib\asyncio\windows_events.py", line 494, in finish_recv
    return ov.getresult()
OSError: [WinError 64] 指定的网络名不再可用。

During handling of the above exception, another exception occurred:

Traceback (most recent call last):
  File "E:\Dpan\Anaconda3\envs\backend\lib\asyncio\proactor_events.py", line 286, in _loop_reading
    length = fut.result()
  File "E:\Dpan\Anaconda3\envs\backend\lib\asyncio\windows_events.py", line 826, in _poll
    value = callback(transferred, key, ov)
  File "E:\Dpan\Anaconda3\envs\backend\lib\asyncio\windows_events.py", line 498, in finish_recv
    raise ConnectionResetError(*exc.args)
ConnectionResetError: [WinError 64] 指定的网络名不再可用。

The above exception was the direct cause of the following exception:

Traceback (most recent call last):
  File "E:\Code\Python\AIChat\app\services\user_service.py", line 13, in create_user
    result = await db.execute(
  File "E:\Dpan\Anaconda3\envs\backend\lib\site-packages\sqlalchemy\ext\asyncio\session.py", line 463, in execute
    result = await greenlet_spawn(
  File "E:\Dpan\Anaconda3\envs\backend\lib\site-packages\sqlalchemy\util\_concurrency_py3k.py", line 201, in greenlet_spawn
    result = context.throw(*sys.exc_info())
  File "E:\Dpan\Anaconda3\envs\backend\lib\site-packages\sqlalchemy\orm\session.py", line 2365, in execute
    return self._execute_internal(
  File "E:\Dpan\Anaconda3\envs\backend\lib\site-packages\sqlalchemy\orm\session.py", line 2241, in _execute_internal
    conn = self._connection_for_bind(bind)
  File "E:\Dpan\Anaconda3\envs\backend\lib\site-packages\sqlalchemy\orm\session.py", line 2110, in _connection_for_bind
    return trans._connection_for_bind(engine, execution_options)
  File "<string>", line 2, in _connection_for_bind
  File "E:\Dpan\Anaconda3\envs\backend\lib\site-packages\sqlalchemy\orm\state_changes.py", line 137, in _go
    ret_value = fn(self, *arg, **kw)
  File "E:\Dpan\Anaconda3\envs\backend\lib\site-packages\sqlalchemy\orm\session.py", line 1189, in _connection_for_bind
    conn = bind.connect()
  File "E:\Dpan\Anaconda3\envs\backend\lib\site-packages\sqlalchemy\engine\base.py", line 3277, in connect
    return self._connection_cls(self)
  File "E:\Dpan\Anaconda3\envs\backend\lib\site-packages\sqlalchemy\engine\base.py", line 143, in __init__
    self._dbapi_connection = engine.raw_connection()
  File "E:\Dpan\Anaconda3\envs\backend\lib\site-packages\sqlalchemy\engine\base.py", line 3301, in raw_connection
    return self.pool.connect()
  File "E:\Dpan\Anaconda3\envs\backend\lib\site-packages\sqlalchemy\pool\base.py", line 447, in connect
    return _ConnectionFairy._checkout(self)
  File "E:\Dpan\Anaconda3\envs\backend\lib\site-packages\sqlalchemy\pool\base.py", line 1264, in _checkout
    fairy = _ConnectionRecord.checkout(pool)
  File "E:\Dpan\Anaconda3\envs\backend\lib\site-packages\sqlalchemy\pool\base.py", line 711, in checkout
    rec = pool._do_get()
  File "E:\Dpan\Anaconda3\envs\backend\lib\site-packages\sqlalchemy\pool\impl.py", line 177, in _do_get
    with util.safe_reraise():
  File "E:\Dpan\Anaconda3\envs\backend\lib\site-packages\sqlalchemy\util\langhelpers.py", line 224, in __exit__
    raise exc_value.with_traceback(exc_tb)
  File "E:\Dpan\Anaconda3\envs\backend\lib\site-packages\sqlalchemy\pool\impl.py", line 175, in _do_get
    return self._create_connection()
  File "E:\Dpan\Anaconda3\envs\backend\lib\site-packages\sqlalchemy\pool\base.py", line 388, in _create_connection
    return _ConnectionRecord(self)
  File "E:\Dpan\Anaconda3\envs\backend\lib\site-packages\sqlalchemy\pool\base.py", line 673, in __init__
    self.__connect()
  File "E:\Dpan\Anaconda3\envs\backend\lib\site-packages\sqlalchemy\pool\base.py", line 899, in __connect
    with util.safe_reraise():
  File "E:\Dpan\Anaconda3\envs\backend\lib\site-packages\sqlalchemy\util\langhelpers.py", line 224, in __exit__
    raise exc_value.with_traceback(exc_tb)
  File "E:\Dpan\Anaconda3\envs\backend\lib\site-packages\sqlalchemy\pool\base.py", line 895, in __connect
    self.dbapi_connection = connection = pool._invoke_creator(self)
  File "E:\Dpan\Anaconda3\envs\backend\lib\site-packages\sqlalchemy\engine\create.py", line 661, in connect
    return dialect.connect(*cargs, **cparams)
  File "E:\Dpan\Anaconda3\envs\backend\lib\site-packages\sqlalchemy\engine\default.py", line 629, in connect
    return self.loaded_dbapi.connect(*cargs, **cparams)  # type: ignore[no-any-return]  # NOQA: E501
  File "E:\Dpan\Anaconda3\envs\backend\lib\site-packages\sqlalchemy\dialects\postgresql\asyncpg.py", line 964, in connect
    await_only(creator_fn(*arg, **kw)),
  File "E:\Dpan\Anaconda3\envs\backend\lib\site-packages\sqlalchemy\util\_concurrency_py3k.py", line 132, in await_only
    return current.parent.switch(awaitable)  # type: ignore[no-any-return,attr-defined] # noqa: E501
  File "E:\Dpan\Anaconda3\envs\backend\lib\site-packages\sqlalchemy\util\_concurrency_py3k.py", line 196, in greenlet_spawn
    value = await result
  File "E:\Dpan\Anaconda3\envs\backend\lib\site-packages\asyncpg\connection.py", line 2443, in connect
    return await connect_utils._connect(
  File "E:\Dpan\Anaconda3\envs\backend\lib\site-packages\asyncpg\connect_utils.py", line 1218, in _connect
    conn = await _connect_addr(
  File "E:\Dpan\Anaconda3\envs\backend\lib\site-packages\asyncpg\connect_utils.py", line 1054, in _connect_addr
    return await __connect_addr(params, True, *args)
  File "E:\Dpan\Anaconda3\envs\backend\lib\site-packages\asyncpg\connect_utils.py", line 1102, in __connect_addr
    await connected
asyncpg.exceptions.ConnectionDoesNotExistError: connection was closed in the middle of operation
2025-12-27 17:15:29,679 | ERROR | app.services.user_service | user_service.py:47 | 创建用户失败，已回滚事务
Traceback (most recent call last):
  File "E:\Dpan\Anaconda3\envs\backend\lib\asyncio\windows_events.py", line 494, in finish_recv
    return ov.getresult()
OSError: [WinError 64] 指定的网络名不再可用。

During handling of the above exception, another exception occurred:

Traceback (most recent call last):
  File "E:\Dpan\Anaconda3\envs\backend\lib\asyncio\proactor_events.py", line 286, in _loop_reading
    length = fut.result()
  File "E:\Dpan\Anaconda3\envs\backend\lib\asyncio\windows_events.py", line 826, in _poll
    value = callback(transferred, key, ov)
  File "E:\Dpan\Anaconda3\envs\backend\lib\asyncio\windows_events.py", line 498, in finish_recv
    raise ConnectionResetError(*exc.args)
ConnectionResetError: [WinError 64] 指定的网络名不再可用。

The above exception was the direct cause of the following exception:

Traceback (most recent call last):
  File "E:\Code\Python\AIChat\app\services\user_service.py", line 13, in create_user
    result = await db.execute(
  File "E:\Dpan\Anaconda3\envs\backend\lib\site-packages\sqlalchemy\ext\asyncio\session.py", line 463, in execute
    result = await greenlet_spawn(
  File "E:\Dpan\Anaconda3\envs\backend\lib\site-packages\sqlalchemy\util\_concurrency_py3k.py", line 201, in greenlet_spawn
    result = context.throw(*sys.exc_info())
  File "E:\Dpan\Anaconda3\envs\backend\lib\site-packages\sqlalchemy\orm\session.py", line 2365, in execute
    return self._execute_internal(
  File "E:\Dpan\Anaconda3\envs\backend\lib\site-packages\sqlalchemy\orm\session.py", line 2241, in _execute_internal
    conn = self._connection_for_bind(bind)
  File "E:\Dpan\Anaconda3\envs\backend\lib\site-packages\sqlalchemy\orm\session.py", line 2110, in _connection_for_bind
    return trans._connection_for_bind(engine, execution_options)
  File "<string>", line 2, in _connection_for_bind
  File "E:\Dpan\Anaconda3\envs\backend\lib\site-packages\sqlalchemy\orm\state_changes.py", line 137, in _go
    ret_value = fn(self, *arg, **kw)
  File "E:\Dpan\Anaconda3\envs\backend\lib\site-packages\sqlalchemy\orm\session.py", line 1189, in _connection_for_bind
    conn = bind.connect()
  File "E:\Dpan\Anaconda3\envs\backend\lib\site-packages\sqlalchemy\engine\base.py", line 3277, in connect
    return self._connection_cls(self)
  File "E:\Dpan\Anaconda3\envs\backend\lib\site-packages\sqlalchemy\engine\base.py", line 143, in __init__
    self._dbapi_connection = engine.raw_connection()
  File "E:\Dpan\Anaconda3\envs\backend\lib\site-packages\sqlalchemy\engine\base.py", line 3301, in raw_connection
    return self.pool.connect()
  File "E:\Dpan\Anaconda3\envs\backend\lib\site-packages\sqlalchemy\pool\base.py", line 447, in connect
    return _ConnectionFairy._checkout(self)
  File "E:\Dpan\Anaconda3\envs\backend\lib\site-packages\sqlalchemy\pool\base.py", line 1264, in _checkout
    fairy = _ConnectionRecord.checkout(pool)
  File "E:\Dpan\Anaconda3\envs\backend\lib\site-packages\sqlalchemy\pool\base.py", line 711, in checkout
    rec = pool._do_get()
  File "E:\Dpan\Anaconda3\envs\backend\lib\site-packages\sqlalchemy\pool\impl.py", line 177, in _do_get
    with util.safe_reraise():
  File "E:\Dpan\Anaconda3\envs\backend\lib\site-packages\sqlalchemy\util\langhelpers.py", line 224, in __exit__
    raise exc_value.with_traceback(exc_tb)
  File "E:\Dpan\Anaconda3\envs\backend\lib\site-packages\sqlalchemy\pool\impl.py", line 175, in _do_get
    return self._create_connection()
  File "E:\Dpan\Anaconda3\envs\backend\lib\site-packages\sqlalchemy\pool\base.py", line 388, in _create_connection
    return _ConnectionRecord(self)
  File "E:\Dpan\Anaconda3\envs\backend\lib\site-packages\sqlalchemy\pool\base.py", line 673, in __init__
    self.__connect()
  File "E:\Dpan\Anaconda3\envs\backend\lib\site-packages\sqlalchemy\pool\base.py", line 899, in __connect
    with util.safe_reraise():
  File "E:\Dpan\Anaconda3\envs\backend\lib\site-packages\sqlalchemy\util\langhelpers.py", line 224, in __exit__
    raise exc_value.with_traceback(exc_tb)
  File "E:\Dpan\Anaconda3\envs\backend\lib\site-packages\sqlalchemy\pool\base.py", line 895, in __connect
    self.dbapi_connection = connection = pool._invoke_creator(self)
  File "E:\Dpan\Anaconda3\envs\backend\lib\site-packages\sqlalchemy\engine\create.py", line 661, in connect
    return dialect.connect(*cargs, **cparams)
  File "E:\Dpan\Anaconda3\envs\backend\lib\site-packages\sqlalchemy\engine\default.py", line 629, in connect
    return self.loaded_dbapi.connect(*cargs, **cparams)  # type: ignore[no-any-return]  # NOQA: E501
  File "E:\Dpan\Anaconda3\envs\backend\lib\site-packages\sqlalchemy\dialects\postgresql\asyncpg.py", line 964, in connect
    await_only(creator_fn(*arg, **kw)),
  File "E:\Dpan\Anaconda3\envs\backend\lib\site-packages\sqlalchemy\util\_concurrency_py3k.py", line 132, in await_only
    return current.parent.switch(awaitable)  # type: ignore[no-any-return,attr-defined] # noqa: E501
  File "E:\Dpan\Anaconda3\envs\backend\lib\site-packages\sqlalchemy\util\_concurrency_py3k.py", line 196, in greenlet_spawn
    value = await result
  File "E:\Dpan\Anaconda3\envs\backend\lib\site-packages\asyncpg\connection.py", line 2443, in connect
    return await connect_utils._connect(
  File "E:\Dpan\Anaconda3\envs\backend\lib\site-packages\asyncpg\connect_utils.py", line 1218, in _connect
    conn = await _connect_addr(
  File "E:\Dpan\Anaconda3\envs\backend\lib\site-packages\asyncpg\connect_utils.py", line 1054, in _connect_addr
    return await __connect_addr(params, True, *args)
  File "E:\Dpan\Anaconda3\envs\backend\lib\site-packages\asyncpg\connect_utils.py", line 1102, in __connect_addr
    await connected
asyncpg.exceptions.ConnectionDoesNotExistError: connection was closed in the middle of operation
2025-12-27 17:23:09,594 | ERROR | app.services.user_service | user_service.py:47 | 创建用户失败，已回滚事务
Traceback (most recent call last):
  File "E:\Dpan\Anaconda3\envs\backend\lib\asyncio\windows_events.py", line 494, in finish_recv
    return ov.getresult()
OSError: [WinError 64] 指定的网络名不再可用。

During handling of the above exception, another exception occurred:

Traceback (most recent call last):
  File "E:\Dpan\Anaconda3\envs\backend\lib\asyncio\proactor_events.py", line 286, in _loop_reading
    length = fut.result()
  File "E:\Dpan\Anaconda3\envs\backend\lib\asyncio\windows_events.py", line 826, in _poll
    value = callback(transferred, key, ov)
  File "E:\Dpan\Anaconda3\envs\backend\lib\asyncio\windows_events.py", line 498, in finish_recv
    raise ConnectionResetError(*exc.args)
ConnectionResetError: [WinError 64] 指定的网络名不再可用。

The above exception was the direct cause of the following exception:

Traceback (most recent call last):
  File "E:\Code\Python\AIChat\app\services\user_service.py", line 13, in create_user
    result = await db.execute(
  File "E:\Dpan\Anaconda3\envs\backend\lib\site-packages\sqlalchemy\ext\asyncio\session.py", line 463, in execute
    result = await greenlet_spawn(
  File "E:\Dpan\Anaconda3\envs\backend\lib\site-packages\sqlalchemy\util\_concurrency_py3k.py", line 201, in greenlet_spawn
    result = context.throw(*sys.exc_info())
  File "E:\Dpan\Anaconda3\envs\backend\lib\site-packages\sqlalchemy\orm\session.py", line 2365, in execute
    return self._execute_internal(
  File "E:\Dpan\Anaconda3\envs\backend\lib\site-packages\sqlalchemy\orm\session.py", line 2241, in _execute_internal
    conn = self._connection_for_bind(bind)
  File "E:\Dpan\Anaconda3\envs\backend\lib\site-packages\sqlalchemy\orm\session.py", line 2110, in _connection_for_bind
    return trans._connection_for_bind(engine, execution_options)
  File "<string>", line 2, in _connection_for_bind
  File "E:\Dpan\Anaconda3\envs\backend\lib\site-packages\sqlalchemy\orm\state_changes.py", line 137, in _go
    ret_value = fn(self, *arg, **kw)
  File "E:\Dpan\Anaconda3\envs\backend\lib\site-packages\sqlalchemy\orm\session.py", line 1189, in _connection_for_bind
    conn = bind.connect()
  File "E:\Dpan\Anaconda3\envs\backend\lib\site-packages\sqlalchemy\engine\base.py", line 3277, in connect
    return self._connection_cls(self)
  File "E:\Dpan\Anaconda3\envs\backend\lib\site-packages\sqlalchemy\engine\base.py", line 143, in __init__
    self._dbapi_connection = engine.raw_connection()
  File "E:\Dpan\Anaconda3\envs\backend\lib\site-packages\sqlalchemy\engine\base.py", line 3301, in raw_connection
    return self.pool.connect()
  File "E:\Dpan\Anaconda3\envs\backend\lib\site-packages\sqlalchemy\pool\base.py", line 447, in connect
    return _ConnectionFairy._checkout(self)
  File "E:\Dpan\Anaconda3\envs\backend\lib\site-packages\sqlalchemy\pool\base.py", line 1264, in _checkout
    fairy = _ConnectionRecord.checkout(pool)
  File "E:\Dpan\Anaconda3\envs\backend\lib\site-packages\sqlalchemy\pool\base.py", line 711, in checkout
    rec = pool._do_get()
  File "E:\Dpan\Anaconda3\envs\backend\lib\site-packages\sqlalchemy\pool\impl.py", line 177, in _do_get
    with util.safe_reraise():
  File "E:\Dpan\Anaconda3\envs\backend\lib\site-packages\sqlalchemy\util\langhelpers.py", line 224, in __exit__
    raise exc_value.with_traceback(exc_tb)
  File "E:\Dpan\Anaconda3\envs\backend\lib\site-packages\sqlalchemy\pool\impl.py", line 175, in _do_get
    return self._create_connection()
  File "E:\Dpan\Anaconda3\envs\backend\lib\site-packages\sqlalchemy\pool\base.py", line 388, in _create_connection
    return _ConnectionRecord(self)
  File "E:\Dpan\Anaconda3\envs\backend\lib\site-packages\sqlalchemy\pool\base.py", line 673, in __init__
    self.__connect()
  File "E:\Dpan\Anaconda3\envs\backend\lib\site-packages\sqlalchemy\pool\base.py", line 899, in __connect
    with util.safe_reraise():
  File "E:\Dpan\Anaconda3\envs\backend\lib\site-packages\sqlalchemy\util\langhelpers.py", line 224, in __exit__
    raise exc_value.with_traceback(exc_tb)
  File "E:\Dpan\Anaconda3\envs\backend\lib\site-packages\sqlalchemy\pool\base.py", line 895, in __connect
    self.dbapi_connection = connection = pool._invoke_creator(self)
  File "E:\Dpan\Anaconda3\envs\backend\lib\site-packages\sqlalchemy\engine\create.py", line 661, in connect
    return dialect.connect(*cargs, **cparams)
  File "E:\Dpan\Anaconda3\envs\backend\lib\site-packages\sqlalchemy\engine\default.py", line 629, in connect
    return self.loaded_dbapi.connect(*cargs, **cparams)  # type: ignore[no-any-return]  # NOQA: E501
  File "E:\Dpan\Anaconda3\envs\backend\lib\site-packages\sqlalchemy\dialects\postgresql\asyncpg.py", line 964, in connect
    await_only(creator_fn(*arg, **kw)),
  File "E:\Dpan\Anaconda3\envs\backend\lib\site-packages\sqlalchemy\util\_concurrency_py3k.py", line 132, in await_only
    return current.parent.switch(awaitable)  # type: ignore[no-any-return,attr-defined] # noqa: E501
  File "E:\Dpan\Anaconda3\envs\backend\lib\site-packages\sqlalchemy\util\_concurrency_py3k.py", line 196, in greenlet_spawn
    value = await result
  File "E:\Dpan\Anaconda3\envs\backend\lib\site-packages\asyncpg\connection.py", line 2443, in connect
    return await connect_utils._connect(
  File "E:\Dpan\Anaconda3\envs\backend\lib\site-packages\asyncpg\connect_utils.py", line 1218, in _connect
    conn = await _connect_addr(
  File "E:\Dpan\Anaconda3\envs\backend\lib\site-packages\asyncpg\connect_utils.py", line 1054, in _connect_addr
    return await __connect_addr(params, True, *args)
  File "E:\Dpan\Anaconda3\envs\backend\lib\site-packages\asyncpg\connect_utils.py", line 1102, in __connect_addr
    await connected
asyncpg.exceptions.ConnectionDoesNotExistError: connection was closed in the middle of operation
2025-12-27 17:24:52,224 | ERROR | app.services.user_service | user_service.py:47 | 创建用户失败，已回滚事务
Traceback (most recent call last):
  File "E:\Dpan\Anaconda3\envs\backend\lib\asyncio\windows_events.py", line 494, in finish_recv
    return ov.getresult()
OSError: [WinError 64] 指定的网络名不再可用。

During handling of the above exception, another exception occurred:

Traceback (most recent call last):
  File "E:\Dpan\Anaconda3\envs\backend\lib\asyncio\proactor_events.py", line 286, in _loop_reading
    length = fut.result()
  File "E:\Dpan\Anaconda3\envs\backend\lib\asyncio\windows_events.py", line 826, in _poll
    value = callback(transferred, key, ov)
  File "E:\Dpan\Anaconda3\envs\backend\lib\asyncio\windows_events.py", line 498, in finish_recv
    raise ConnectionResetError(*exc.args)
ConnectionResetError: [WinError 64] 指定的网络名不再可用。

The above exception was the direct cause of the following exception:

Traceback (most recent call last):
  File "E:\Code\Python\AIChat\app\services\user_service.py", line 13, in create_user
    result = await db.execute(
  File "E:\Dpan\Anaconda3\envs\backend\lib\site-packages\sqlalchemy\ext\asyncio\session.py", line 463, in execute
    result = await greenlet_spawn(
  File "E:\Dpan\Anaconda3\envs\backend\lib\site-packages\sqlalchemy\util\_concurrency_py3k.py", line 201, in greenlet_spawn
    result = context.throw(*sys.exc_info())
  File "E:\Dpan\Anaconda3\envs\backend\lib\site-packages\sqlalchemy\orm\session.py", line 2365, in execute
    return self._execute_internal(
  File "E:\Dpan\Anaconda3\envs\backend\lib\site-packages\sqlalchemy\orm\session.py", line 2241, in _execute_internal
    conn = self._connection_for_bind(bind)
  File "E:\Dpan\Anaconda3\envs\backend\lib\site-packages\sqlalchemy\orm\session.py", line 2110, in _connection_for_bind
    return trans._connection_for_bind(engine, execution_options)
  File "<string>", line 2, in _connection_for_bind
  File "E:\Dpan\Anaconda3\envs\backend\lib\site-packages\sqlalchemy\orm\state_changes.py", line 137, in _go
    ret_value = fn(self, *arg, **kw)
  File "E:\Dpan\Anaconda3\envs\backend\lib\site-packages\sqlalchemy\orm\session.py", line 1189, in _connection_for_bind
    conn = bind.connect()
  File "E:\Dpan\Anaconda3\envs\backend\lib\site-packages\sqlalchemy\engine\base.py", line 3277, in connect
    return self._connection_cls(self)
  File "E:\Dpan\Anaconda3\envs\backend\lib\site-packages\sqlalchemy\engine\base.py", line 143, in __init__
    self._dbapi_connection = engine.raw_connection()
  File "E:\Dpan\Anaconda3\envs\backend\lib\site-packages\sqlalchemy\engine\base.py", line 3301, in raw_connection
    return self.pool.connect()
  File "E:\Dpan\Anaconda3\envs\backend\lib\site-packages\sqlalchemy\pool\base.py", line 447, in connect
    return _ConnectionFairy._checkout(self)
  File "E:\Dpan\Anaconda3\envs\backend\lib\site-packages\sqlalchemy\pool\base.py", line 1264, in _checkout
    fairy = _ConnectionRecord.checkout(pool)
  File "E:\Dpan\Anaconda3\envs\backend\lib\site-packages\sqlalchemy\pool\base.py", line 711, in checkout
    rec = pool._do_get()
  File "E:\Dpan\Anaconda3\envs\backend\lib\site-packages\sqlalchemy\pool\impl.py", line 177, in _do_get
    with util.safe_reraise():
  File "E:\Dpan\Anaconda3\envs\backend\lib\site-packages\sqlalchemy\util\langhelpers.py", line 224, in __exit__
    raise exc_value.with_traceback(exc_tb)
  File "E:\Dpan\Anaconda3\envs\backend\lib\site-packages\sqlalchemy\pool\impl.py", line 175, in _do_get
    return self._create_connection()
  File "E:\Dpan\Anaconda3\envs\backend\lib\site-packages\sqlalchemy\pool\base.py", line 388, in _create_connection
    return _ConnectionRecord(self)
  File "E:\Dpan\Anaconda3\envs\backend\lib\site-packages\sqlalchemy\pool\base.py", line 673, in __init__
    self.__connect()
  File "E:\Dpan\Anaconda3\envs\backend\lib\site-packages\sqlalchemy\pool\base.py", line 899, in __connect
    with util.safe_reraise():
  File "E:\Dpan\Anaconda3\envs\backend\lib\site-packages\sqlalchemy\util\langhelpers.py", line 224, in __exit__
    raise exc_value.with_traceback(exc_tb)
  File "E:\Dpan\Anaconda3\envs\backend\lib\site-packages\sqlalchemy\pool\base.py", line 895, in __connect
    self.dbapi_connection = connection = pool._invoke_creator(self)
  File "E:\Dpan\Anaconda3\envs\backend\lib\site-packages\sqlalchemy\engine\create.py", line 661, in connect
    return dialect.connect(*cargs, **cparams)
  File "E:\Dpan\Anaconda3\envs\backend\lib\site-packages\sqlalchemy\engine\default.py", line 629, in connect
    return self.loaded_dbapi.connect(*cargs, **cparams)  # type: ignore[no-any-return]  # NOQA: E501
  File "E:\Dpan\Anaconda3\envs\backend\lib\site-packages\sqlalchemy\dialects\postgresql\asyncpg.py", line 964, in connect
    await_only(creator_fn(*arg, **kw)),
  File "E:\Dpan\Anaconda3\envs\backend\lib\site-packages\sqlalchemy\util\_concurrency_py3k.py", line 132, in await_only
    return current.parent.switch(awaitable)  # type: ignore[no-any-return,attr-defined] # noqa: E501
  File "E:\Dpan\Anaconda3\envs\backend\lib\site-packages\sqlalchemy\util\_concurrency_py3k.py", line 196, in greenlet_spawn
    value = await result
  File "E:\Dpan\Anaconda3\envs\backend\lib\site-packages\asyncpg\connection.py", line 2443, in connect
    return await connect_utils._connect(
  File "E:\Dpan\Anaconda3\envs\backend\lib\site-packages\asyncpg\connect_utils.py", line 1218, in _connect
    conn = await _connect_addr(
  File "E:\Dpan\Anaconda3\envs\backend\lib\site-packages\asyncpg\connect_utils.py", line 1054, in _connect_addr
    return await __connect_addr(params, True, *args)
  File "E:\Dpan\Anaconda3\envs\backend\lib\site-packages\asyncpg\connect_utils.py", line 1102, in __connect_addr
    await connected
asyncpg.exceptions.ConnectionDoesNotExistError: connection was closed in the middle of operation
2025-12-27 17:26:35,448 | ERROR | app.services.user_service | user_service.py:47 | 创建用户失败，已回滚事务
Traceback (most recent call last):
  File "E:\Dpan\Anaconda3\envs\backend\lib\asyncio\windows_events.py", line 494, in finish_recv
    return ov.getresult()
OSError: [WinError 64] 指定的网络名不再可用。

During handling of the above exception, another exception occurred:

Traceback (most recent call last):
  File "E:\Dpan\Anaconda3\envs\backend\lib\asyncio\proactor_events.py", line 286, in _loop_reading
    length = fut.result()
  File "E:\Dpan\Anaconda3\envs\backend\lib\asyncio\windows_events.py", line 826, in _poll
    value = callback(transferred, key, ov)
  File "E:\Dpan\Anaconda3\envs\backend\lib\asyncio\windows_events.py", line 498, in finish_recv
    raise ConnectionResetError(*exc.args)
ConnectionResetError: [WinError 64] 指定的网络名不再可用。

The above exception was the direct cause of the following exception:

Traceback (most recent call last):
  File "E:\Code\Python\AIChat\app\services\user_service.py", line 13, in create_user
    result = await db.execute(
  File "E:\Dpan\Anaconda3\envs\backend\lib\site-packages\sqlalchemy\ext\asyncio\session.py", line 463, in execute
    result = await greenlet_spawn(
  File "E:\Dpan\Anaconda3\envs\backend\lib\site-packages\sqlalchemy\util\_concurrency_py3k.py", line 201, in greenlet_spawn
    result = context.throw(*sys.exc_info())
  File "E:\Dpan\Anaconda3\envs\backend\lib\site-packages\sqlalchemy\orm\session.py", line 2365, in execute
    return self._execute_internal(
  File "E:\Dpan\Anaconda3\envs\backend\lib\site-packages\sqlalchemy\orm\session.py", line 2241, in _execute_internal
    conn = self._connection_for_bind(bind)
  File "E:\Dpan\Anaconda3\envs\backend\lib\site-packages\sqlalchemy\orm\session.py", line 2110, in _connection_for_bind
    return trans._connection_for_bind(engine, execution_options)
  File "<string>", line 2, in _connection_for_bind
  File "E:\Dpan\Anaconda3\envs\backend\lib\site-packages\sqlalchemy\orm\state_changes.py", line 137, in _go
    ret_value = fn(self, *arg, **kw)
  File "E:\Dpan\Anaconda3\envs\backend\lib\site-packages\sqlalchemy\orm\session.py", line 1189, in _connection_for_bind
    conn = bind.connect()
  File "E:\Dpan\Anaconda3\envs\backend\lib\site-packages\sqlalchemy\engine\base.py", line 3277, in connect
    return self._connection_cls(self)
  File "E:\Dpan\Anaconda3\envs\backend\lib\site-packages\sqlalchemy\engine\base.py", line 143, in __init__
    self._dbapi_connection = engine.raw_connection()
  File "E:\Dpan\Anaconda3\envs\backend\lib\site-packages\sqlalchemy\engine\base.py", line 3301, in raw_connection
    return self.pool.connect()
  File "E:\Dpan\Anaconda3\envs\backend\lib\site-packages\sqlalchemy\pool\base.py", line 447, in connect
    return _ConnectionFairy._checkout(self)
  File "E:\Dpan\Anaconda3\envs\backend\lib\site-packages\sqlalchemy\pool\base.py", line 1264, in _checkout
    fairy = _ConnectionRecord.checkout(pool)
  File "E:\Dpan\Anaconda3\envs\backend\lib\site-packages\sqlalchemy\pool\base.py", line 711, in checkout
    rec = pool._do_get()
  File "E:\Dpan\Anaconda3\envs\backend\lib\site-packages\sqlalchemy\pool\impl.py", line 177, in _do_get
    with util.safe_reraise():
  File "E:\Dpan\Anaconda3\envs\backend\lib\site-packages\sqlalchemy\util\langhelpers.py", line 224, in __exit__
    raise exc_value.with_traceback(exc_tb)
  File "E:\Dpan\Anaconda3\envs\backend\lib\site-packages\sqlalchemy\pool\impl.py", line 175, in _do_get
    return self._create_connection()
  File "E:\Dpan\Anaconda3\envs\backend\lib\site-packages\sqlalchemy\pool\base.py", line 388, in _create_connection
    return _ConnectionRecord(self)
  File "E:\Dpan\Anaconda3\envs\backend\lib\site-packages\sqlalchemy\pool\base.py", line 673, in __init__
    self.__connect()
  File "E:\Dpan\Anaconda3\envs\backend\lib\site-packages\sqlalchemy\pool\base.py", line 899, in __connect
    with util.safe_reraise():
  File "E:\Dpan\Anaconda3\envs\backend\lib\site-packages\sqlalchemy\util\langhelpers.py", line 224, in __exit__
    raise exc_value.with_traceback(exc_tb)
  File "E:\Dpan\Anaconda3\envs\backend\lib\site-packages\sqlalchemy\pool\base.py", line 895, in __connect
    self.dbapi_connection = connection = pool._invoke_creator(self)
  File "E:\Dpan\Anaconda3\envs\backend\lib\site-packages\sqlalchemy\engine\create.py", line 661, in connect
    return dialect.connect(*cargs, **cparams)
  File "E:\Dpan\Anaconda3\envs\backend\lib\site-packages\sqlalchemy\engine\default.py", line 629, in connect
    return self.loaded_dbapi.connect(*cargs, **cparams)  # type: ignore[no-any-return]  # NOQA: E501
  File "E:\Dpan\Anaconda3\envs\backend\lib\site-packages\sqlalchemy\dialects\postgresql\asyncpg.py", line 964, in connect
    await_only(creator_fn(*arg, **kw)),
  File "E:\Dpan\Anaconda3\envs\backend\lib\site-packages\sqlalchemy\util\_concurrency_py3k.py", line 132, in await_only
    return current.parent.switch(awaitable)  # type: ignore[no-any-return,attr-defined] # noqa: E501
  File "E:\Dpan\Anaconda3\envs\backend\lib\site-packages\sqlalchemy\util\_concurrency_py3k.py", line 196, in greenlet_spawn
    value = await result
  File "E:\Dpan\Anaconda3\envs\backend\lib\site-packages\asyncpg\connection.py", line 2443, in connect
    return await connect_utils._connect(
  File "E:\Dpan\Anaconda3\envs\backend\lib\site-packages\asyncpg\connect_utils.py", line 1218, in _connect
    conn = await _connect_addr(
  File "E:\Dpan\Anaconda3\envs\backend\lib\site-packages\asyncpg\connect_utils.py", line 1054, in _connect_addr
    return await __connect_addr(params, True, *args)
  File "E:\Dpan\Anaconda3\envs\backend\lib\site-packages\asyncpg\connect_utils.py", line 1102, in __connect_addr
    await connected
asyncpg.exceptions.ConnectionDoesNotExistError: connection was closed in the middle of operation
